android/app/build/outputs/logs/manifest-merger-release-report.txt
-- Merging decision tree log ---
manifest
ADDED from src\main\AndroidManifest.xml:1:1-106:12
INJECTED from src\main\AndroidManifest.xml:1:1-106:12
INJECTED from src\main\AndroidManifest.xml:1:1-106:12
INJECTED from src\main\AndroidManifest.xml:1:1-106:12
MERGED from [:firebase_messaging] AndroidManifest.xml:2:1-46:12
MERGED from [:firebase_analytics] AndroidManifest.xml:2:1-19:12
MERGED from [:firebase_core] AndroidManifest.xml:2:1-15:12
MERGED from [:image_picker] AndroidManifest.xml:2:1-19:12
MERGED from [:flutter_local_notifications] AndroidManifest.xml:2:1-28:12
MERGED from [:file_picker] AndroidManifest.xml:2:1-17:12
MERGED from [:path_provider_android] AndroidManifest.xml:2:1-7:12
MERGED from [:image_crop] AndroidManifest.xml:2:1-10:12
MERGED from [:shared_preferences_android] AndroidManifest.xml:2:1-7:12
MERGED from [:audioplayers] AndroidManifest.xml:2:1-9:12
MERGED from [:connectivity] AndroidManifest.xml:2:1-9:12
MERGED from [:video_player] AndroidManifest.xml:2:1-7:12
MERGED from [:share_plus] AndroidManifest.xml:2:1-19:12
MERGED from [:flutter_keyboard_visibility] AndroidManifest.xml:2:1-7:12
MERGED from [:fluttertoast] AndroidManifest.xml:2:1-7:12
MERGED from [:country_codes] AndroidManifest.xml:2:1-7:12
MERGED from [:flutter_ffmpeg] AndroidManifest.xml:2:1-7:12
MERGED from [:uni_links] AndroidManifest.xml:2:1-7:12
MERGED from [:camera] AndroidManifest.xml:2:1-12:12
MERGED from [:libphonenumber_plugin] AndroidManifest.xml:2:1-7:12
MERGED from [:libphonenumber] AndroidManifest.xml:2:1-7:12
MERGED from [:android_alarm_manager] AndroidManifest.xml:2:1-7:12
MERGED from [:flutter_plugin_android_lifecycle] AndroidManifest.xml:2:1-7:12
MERGED from [:sqflite] AndroidManifest.xml:2:1-7:12
MERGED from [:url_launcher_android] AndroidManifest.xml:2:1-14:12
MERGED from [:in_app_update] AndroidManifest.xml:2:1-7:12
MERGED from [:image_cropper] AndroidManifest.xml:2:1-7:12
MERGED from [:webview_flutter_android] AndroidManifest.xml:2:1-7:12
MERGED from [:video_thumbnail] AndroidManifest.xml:2:1-7:12
MERGED from [:video_compress] AndroidManifest.xml:2:1-9:12
MERGED from [:google_sign_in] AndroidManifest.xml:2:1-9:12
MERGED from [com.otaliastudios:transcoder:0.9.1] AndroidManifest.xml:2:1-13:12
MERGED from [com.otaliastudios.opengl:egloo:0.4.0] AndroidManifest.xml:2:1-12:12
MERGED from [androidx.multidex:multidex:2.0.1] AndroidManifest.xml:17:1-22:12
MERGED from [com.github.AbedElazizShe:LightCompressor:0.9.9] AndroidManifest.xml:2:1-9:12
MERGED from [com.google.firebase:firebase-messaging:23.0.0] AndroidManifest.xml:17:1-58:12
MERGED from [com.google.firebase:firebase-analytics:20.0.0] AndroidManifest.xml:2:1-9:12
MERGED from [com.google.android.gms:play-services-measurement-api:20.0.0] AndroidManifest.xml:17:1-36:12
MERGED from [com.google.firebase:firebase-datatransport:18.0.0] AndroidManifest.xml:15:1-34:12
MERGED from [com.google.firebase:firebase-installations:17.0.0] AndroidManifest.xml:2:1-24:12
MERGED from [com.google.firebase:firebase-common:20.0.0] AndroidManifest.xml:15:1-40:12
MERGED from [androidx.core:core-ktx:1.6.0] AndroidManifest.xml:2:1-9:12
MERGED from [com.google.android.exoplayer:exoplayer-hls:2.14.1] AndroidManifest.xml:17:1-24:12
MERGED from [com.google.android.exoplayer:exoplayer-dash:2.14.1] AndroidManifest.xml:17:1-24:12
MERGED from [com.google.android.exoplayer:exoplayer-smoothstreaming:2.14.1] AndroidManifest.xml:17:1-24:12
MERGED from [com.google.android.exoplayer:exoplayer-core:2.14.1] AndroidManifest.xml:17:1-26:12
MERGED from [androidx.media:media:1.1.0] AndroidManifest.xml:17:1-24:12
MERGED from [androidx.webkit:webkit:1.0.0] AndroidManifest.xml:17:1-22:12
MERGED from [com.github.yalantis:ucrop:2.2.7] AndroidManifest.xml:2:1-11:12
MERGED from [androidx.appcompat:appcompat:1.3.0] AndroidManifest.xml:17:1-24:12
MERGED from [androidx.transition:transition:1.4.1] AndroidManifest.xml:17:1-24:12
MERGED from [com.google.android.gms:play-services-auth:16.0.1] AndroidManifest.xml:17:1-39:12
MERGED from [com.google.android.gms:play-services-auth-api-phone:16.0.0] AndroidManifest.xml:2:1-7:12
MERGED from [com.google.android.gms:play-services-auth-base:16.0.0] AndroidManifest.xml:2:1-7:12
MERGED from [com.google.android.gms:play-services-base:16.0.1] AndroidManifest.xml:17:1-29:12
MERGED from [com.google.android.gms:play-services-measurement:20.0.0] AndroidManifest.xml:17:1-46:12
MERGED from [com.google.android.gms:play-services-measurement-sdk:20.0.0] AndroidManifest.xml:17:1-25:12
MERGED from [com.google.android.gms:play-services-cloud-messaging:17.0.0] AndroidManifest.xml:2:1-13:12
MERGED from [com.google.firebase:firebase-iid-interop:17.1.0] AndroidManifest.xml:2:1-10:12
MERGED from [com.google.firebase:firebase-installations-interop:17.0.0] AndroidManifest.xml:15:1-23:12
MERGED from [com.google.android.gms:play-services-tasks:17.0.0] AndroidManifest.xml:2:1-9:12
MERGED from [com.google.android.gms:play-services-measurement-impl:20.0.0] AndroidManifest.xml:17:1-31:12
MERGED from [com.google.android.gms:play-services-stats:17.0.0] AndroidManifest.xml:2:1-9:12
MERGED from [com.google.firebase:firebase-measurement-connector:19.0.0] AndroidManifest.xml:17:1-25:12
MERGED from [com.google.android.gms:play-services-ads-identifier:17.0.0] AndroidManifest.xml:17:1-24:12
MERGED from [com.google.android.gms:play-services-measurement-sdk-api:20.0.0] AndroidManifest.xml:17:1-27:12
MERGED from [com.google.android.gms:play-services-measurement-base:20.0.0] AndroidManifest.xml:2:1-9:12
MERGED from [com.google.android.gms:play-services-basement:17.0.0] AndroidManifest.xml:17:1-28:12
MERGED from [androidx.fragment:fragment:1.3.4] AndroidManifest.xml:17:1-24:12
MERGED from [androidx.activity:activity:1.2.3] AndroidManifest.xml:17:1-24:12
MERGED from [androidx.appcompat:appcompat-resources:1.3.0] AndroidManifest.xml:17:1-24:12
MERGED from [androidx.drawerlayout:drawerlayout:1.0.0] AndroidManifest.xml:17:1-22:12
MERGED from [androidx.legacy:legacy-support-core-utils:1.0.0] AndroidManifest.xml:17:1-22:12
MERGED from [androidx.viewpager:viewpager:1.0.0] AndroidManifest.xml:17:1-22:12
MERGED from [androidx.loader:loader:1.0.0] AndroidManifest.xml:17:1-22:12
MERGED from [androidx.vectordrawable:vectordrawable-animated:1.1.0] AndroidManifest.xml:17:1-24:12
MERGED from [androidx.vectordrawable:vectordrawable:1.1.0] AndroidManifest.xml:17:1-24:12
MERGED from [androidx.customview:customview:1.0.0] AndroidManifest.xml:17:1-22:12
MERGED from [androidx.core:core:1.6.0] AndroidManifest.xml:17:1-26:12
MERGED from [androidx.localbroadcastmanager:localbroadcastmanager:1.0.0] AndroidManifest.xml:17:1-22:12
MERGED from [com.google.android.exoplayer:exoplayer-extractor:2.14.1] AndroidManifest.xml:17:1-24:12
MERGED from [com.google.android.exoplayer:exoplayer-common:2.14.1] AndroidManifest.xml:17:1-26:12
MERGED from [androidx.versionedparcelable:versionedparcelable:1.1.1] AndroidManifest.xml:17:1-27:12
MERGED from [androidx.exifinterface:exifinterface:1.3.2] AndroidManifest.xml:17:1-24:12
MERGED from [com.google.android.datatransport:transport-backend-cct:3.0.0] AndroidManifest.xml:15:1-38:12
MERGED from [com.google.android.datatransport:transport-runtime:3.0.0] AndroidManifest.xml:15:1-41:12
MERGED from [com.google.android.datatransport:transport-api:3.0.0] AndroidManifest.xml:15:1-22:12
MERGED from [com.google.firebase:firebase-components:17.0.0] AndroidManifest.xml:15:1-23:12
MERGED from [androidx.lifecycle:lifecycle-runtime:2.3.1] AndroidManifest.xml:17:1-24:12
MERGED from [androidx.cursoradapter:cursoradapter:1.0.0] AndroidManifest.xml:17:1-22:12
MERGED from [androidx.lifecycle:lifecycle-viewmodel-savedstate:2.3.1] AndroidManifest.xml:17:1-24:12
MERGED from [androidx.savedstate:savedstate:1.1.0] AndroidManifest.xml:17:1-24:12
MERGED from [androidx.lifecycle:lifecycle-viewmodel:2.3.1] AndroidManifest.xml:17:1-24:12
MERGED from [com.google.firebase:firebase-encoders-json:18.0.0] AndroidManifest.xml:15:1-23:12
MERGED from [androidx.tracing:tracing:1.0.0] AndroidManifest.xml:17:1-24:12
MERGED from [androidx.lifecycle:lifecycle-livedata:2.0.0] AndroidManifest.xml:17:1-22:12
MERGED from [androidx.lifecycle:lifecycle-livedata-core:2.3.1] AndroidManifest.xml:17:1-24:12
MERGED from [androidx.arch.core:core-runtime:2.1.0] AndroidManifest.xml:17:1-24:12
MERGED from [androidx.documentfile:documentfile:1.0.0] AndroidManifest.xml:17:1-22:12
MERGED from [androidx.print:print:1.0.0] AndroidManifest.xml:17:1-22:12
MERGED from [androidx.interpolator:interpolator:1.0.0] AndroidManifest.xml:17:1-22:12
MERGED from [com.jakewharton.threetenabp:threetenabp:1.2.3] AndroidManifest.xml:2:1-9:12
MERGED from [com.arthenica:mobile-ffmpeg-full:4.4.LTS] AndroidManifest.xml:2:1-11:12
MERGED from [com.google.android.play:core:1.8.2] AndroidManifest.xml:2:1-19:12
MERGED from [androidx.annotation:annotation-experimental:1.1.0] AndroidManifest.xml:17:1-24:12
INJECTED from src\main\AndroidManifest.xml:1:1-106:12
INJECTED from src\main\AndroidManifest.xml:1:1-106:12
INJECTED from src\main\AndroidManifest.xml:1:1-106:12
	package
		ADDED from src\main\AndroidManifest.xml:2:5-28
		INJECTED from src\main\AndroidManifest.xml
		INJECTED from src\main\AndroidManifest.xml
	android:versionName
		INJECTED from src\main\AndroidManifest.xml
		ADDED from src\main\AndroidManifest.xml:1:1-106:12
		INJECTED from src\main\AndroidManifest.xml
	android:versionCode
		INJECTED from src\main\AndroidManifest.xml
		ADDED from src\main\AndroidManifest.xml:1:1-106:12
		INJECTED from src\main\AndroidManifest.xml
	xmlns:android
		ADDED from src\main\AndroidManifest.xml:1:11-69
uses-permission#android.permission.INTERNET
ADDED from src\main\AndroidManifest.xml:4:5-67
MERGED from [:firebase_messaging] AndroidManifest.xml:7:5-67
MERGED from [:firebase_messaging] AndroidManifest.xml:7:5-67
MERGED from [:firebase_analytics] AndroidManifest.xml:8:5-67
MERGED from [:firebase_analytics] AndroidManifest.xml:8:5-67
MERGED from [:google_sign_in] AndroidManifest.xml:7:5-67
MERGED from [:google_sign_in] AndroidManifest.xml:7:5-67
MERGED from [com.google.android.gms:play-services-measurement-api:20.0.0] AndroidManifest.xml:22:5-67
MERGED from [com.google.android.gms:play-services-measurement-api:20.0.0] AndroidManifest.xml:22:5-67
MERGED from [com.google.firebase:firebase-installations:17.0.0] AndroidManifest.xml:11:5-67
MERGED from [com.google.firebase:firebase-installations:17.0.0] AndroidManifest.xml:11:5-67
MERGED from [com.google.android.gms:play-services-measurement:20.0.0] AndroidManifest.xml:23:5-67
MERGED from [com.google.android.gms:play-services-measurement:20.0.0] AndroidManifest.xml:23:5-67
MERGED from [com.google.android.gms:play-services-cloud-messaging:17.0.0] AndroidManifest.xml:8:5-67
MERGED from [com.google.android.gms:play-services-cloud-messaging:17.0.0] AndroidManifest.xml:8:5-67
MERGED from [com.google.android.gms:play-services-measurement-impl:20.0.0] AndroidManifest.xml:23:5-67
MERGED from [com.google.android.gms:play-services-measurement-impl:20.0.0] AndroidManifest.xml:23:5-67
MERGED from [com.google.android.gms:play-services-measurement-sdk-api:20.0.0] AndroidManifest.xml:23:5-67
MERGED from [com.google.android.gms:play-services-measurement-sdk-api:20.0.0] AndroidManifest.xml:23:5-67
MERGED from [com.google.android.datatransport:transport-backend-cct:3.0.0] AndroidManifest.xml:26:5-67
MERGED from [com.google.android.datatransport:transport-backend-cct:3.0.0] AndroidManifest.xml:26:5-67
	android:name
		ADDED from src\main\AndroidManifest.xml:4:22-64
uses-permission#android.permission.READ_EXTERNAL_STORAGE
ADDED from src\main\AndroidManifest.xml:5:5-80
MERGED from [:file_picker] AndroidManifest.xml:7:5-80
MERGED from [:file_picker] AndroidManifest.xml:7:5-80
MERGED from [:image_crop] AndroidManifest.xml:7:5-80
MERGED from [:image_crop] AndroidManifest.xml:7:5-80
	android:name
		ADDED from src\main\AndroidManifest.xml:5:22-77
uses-permission#android.permission.WRITE_EXTERNAL_STORAGE
ADDED from src\main\AndroidManifest.xml:6:5-81
MERGED from [:image_crop] AndroidManifest.xml:8:5-81
MERGED from [:image_crop] AndroidManifest.xml:8:5-81
MERGED from [:video_compress] AndroidManifest.xml:7:5-81
MERGED from [:video_compress] AndroidManifest.xml:7:5-81
	android:name
		ADDED from src\main\AndroidManifest.xml:6:22-78
uses-permission#android.permission.BLUETOOTH
ADDED from src\main\AndroidManifest.xml:7:5-68
	android:name
		ADDED from src\main\AndroidManifest.xml:7:22-65
uses-permission#android.permission.CAMERA
ADDED from src\main\AndroidManifest.xml:8:5-65
MERGED from [:camera] AndroidManifest.xml:9:5-65
MERGED from [:camera] AndroidManifest.xml:9:5-65
	android:name
		ADDED from src\main\AndroidManifest.xml:8:22-62
uses-permission#android.permission.RECEIVE_BOOT_COMPLETED
ADDED from src\main\AndroidManifest.xml:9:5-80
MERGED from [:flutter_local_notifications] AndroidManifest.xml:7:5-81
MERGED from [:flutter_local_notifications] AndroidManifest.xml:7:5-81
	android:name
		ADDED from src\main\AndroidManifest.xml:9:22-78
uses-permission#android.permission.WAKE_LOCK
ADDED from src\main\AndroidManifest.xml:10:5-67
MERGED from [:firebase_messaging] AndroidManifest.xml:8:5-68
MERGED from [:firebase_messaging] AndroidManifest.xml:8:5-68
MERGED from [:firebase_analytics] AndroidManifest.xml:9:5-68
MERGED from [:firebase_analytics] AndroidManifest.xml:9:5-68
MERGED from [com.google.firebase:firebase-messaging:23.0.0] AndroidManifest.xml:23:5-68
MERGED from [com.google.firebase:firebase-messaging:23.0.0] AndroidManifest.xml:23:5-68
MERGED from [com.google.android.gms:play-services-measurement-api:20.0.0] AndroidManifest.xml:24:5-68
MERGED from [com.google.android.gms:play-services-measurement-api:20.0.0] AndroidManifest.xml:24:5-68
MERGED from [com.google.android.gms:play-services-measurement:20.0.0] AndroidManifest.xml:25:5-68
MERGED from [com.google.android.gms:play-services-measurement:20.0.0] AndroidManifest.xml:25:5-68
MERGED from [com.google.android.gms:play-services-cloud-messaging:17.0.0] AndroidManifest.xml:9:5-68
MERGED from [com.google.android.gms:play-services-cloud-messaging:17.0.0] AndroidManifest.xml:9:5-68
MERGED from [com.google.android.gms:play-services-measurement-impl:20.0.0] AndroidManifest.xml:25:5-68
MERGED from [com.google.android.gms:play-services-measurement-impl:20.0.0] AndroidManifest.xml:25:5-68
MERGED from [com.google.android.gms:play-services-measurement-sdk-api:20.0.0] AndroidManifest.xml:25:5-68
MERGED from [com.google.android.gms:play-services-measurement-sdk-api:20.0.0] AndroidManifest.xml:25:5-68
	android:name
		ADDED from src\main\AndroidManifest.xml:10:22-65
uses-feature#android.hardware.camera
ADDED from src\main\AndroidManifest.xml:12:5-14:35
	android:required
		ADDED from src\main\AndroidManifest.xml:14:9-33
	android:name
		ADDED from src\main\AndroidManifest.xml:13:9-47
uses-permission#android.permission.FLASHLIGHT
ADDED from src\main\AndroidManifest.xml:16:5-68
	android:name
		ADDED from src\main\AndroidManifest.xml:16:22-66
queries
ADDED from src\main\AndroidManifest.xml:18:5-23:15
MERGED from [:file_picker] AndroidManifest.xml:9:5-15:15
MERGED from [:file_picker] AndroidManifest.xml:9:5-15:15
intent#action:name:android.intent.action.VIEW+data:scheme:https
ADDED from src\main\AndroidManifest.xml:19:9-22:18
action#android.intent.action.VIEW
ADDED from src\main\AndroidManifest.xml:20:13-65
	android:name
		ADDED from src\main\AndroidManifest.xml:20:21-62
data
ADDED from src\main\AndroidManifest.xml:21:13-44
	android:host
		ADDED from src\main\AndroidManifest.xml:51:21-48
	android:scheme
		ADDED from src\main\AndroidManifest.xml:21:19-41
	android:pathPrefix
		ADDED from src\main\AndroidManifest.xml:52:21-43
application
ADDED from src\main\AndroidManifest.xml:24:5-105:19
MERGED from [:firebase_messaging] AndroidManifest.xml:11:5-44:19
MERGED from [:firebase_messaging] AndroidManifest.xml:11:5-44:19
MERGED from [:firebase_analytics] AndroidManifest.xml:11:5-17:19
MERGED from [:firebase_analytics] AndroidManifest.xml:11:5-17:19
MERGED from [:firebase_core] AndroidManifest.xml:7:5-13:19
MERGED from [:firebase_core] AndroidManifest.xml:7:5-13:19
MERGED from [:image_picker] AndroidManifest.xml:7:5-17:19
MERGED from [:image_picker] AndroidManifest.xml:7:5-17:19
MERGED from [:flutter_local_notifications] AndroidManifest.xml:12:5-26:19
MERGED from [:flutter_local_notifications] AndroidManifest.xml:12:5-26:19
MERGED from [:share_plus] AndroidManifest.xml:7:5-17:19
MERGED from [:share_plus] AndroidManifest.xml:7:5-17:19
MERGED from [:url_launcher_android] AndroidManifest.xml:7:5-12:19
MERGED from [:url_launcher_android] AndroidManifest.xml:7:5-12:19
MERGED from [com.otaliastudios:transcoder:0.9.1] AndroidManifest.xml:11:5-20
MERGED from [com.otaliastudios:transcoder:0.9.1] AndroidManifest.xml:11:5-20
MERGED from [com.otaliastudios.opengl:egloo:0.4.0] AndroidManifest.xml:10:5-20
MERGED from [com.otaliastudios.opengl:egloo:0.4.0] AndroidManifest.xml:10:5-20
MERGED from [com.google.firebase:firebase-messaging:23.0.0] AndroidManifest.xml:27:5-56:19
MERGED from [com.google.firebase:firebase-messaging:23.0.0] AndroidManifest.xml:27:5-56:19
MERGED from [com.google.firebase:firebase-analytics:20.0.0] AndroidManifest.xml:7:5-20
MERGED from [com.google.firebase:firebase-analytics:20.0.0] AndroidManifest.xml:7:5-20
MERGED from [com.google.android.gms:play-services-measurement-api:20.0.0] AndroidManifest.xml:26:5-34:19
MERGED from [com.google.android.gms:play-services-measurement-api:20.0.0] AndroidManifest.xml:26:5-34:19
MERGED from [com.google.firebase:firebase-datatransport:18.0.0] AndroidManifest.xml:24:5-32:19
MERGED from [com.google.firebase:firebase-datatransport:18.0.0] AndroidManifest.xml:24:5-32:19
MERGED from [com.google.firebase:firebase-installations:17.0.0] AndroidManifest.xml:14:5-22:19
MERGED from [com.google.firebase:firebase-installations:17.0.0] AndroidManifest.xml:14:5-22:19
MERGED from [com.google.firebase:firebase-common:20.0.0] AndroidManifest.xml:25:5-38:19
MERGED from [com.google.firebase:firebase-common:20.0.0] AndroidManifest.xml:25:5-38:19
MERGED from [com.google.android.gms:play-services-auth:16.0.1] AndroidManifest.xml:22:5-37:19
MERGED from [com.google.android.gms:play-services-auth:16.0.1] AndroidManifest.xml:22:5-37:19
MERGED from [com.google.android.gms:play-services-base:16.0.1] AndroidManifest.xml:22:5-27:19
MERGED from [com.google.android.gms:play-services-base:16.0.1] AndroidManifest.xml:22:5-27:19
MERGED from [com.google.android.gms:play-services-measurement:20.0.0] AndroidManifest.xml:28:5-44:19
MERGED from [com.google.android.gms:play-services-measurement:20.0.0] AndroidManifest.xml:28:5-44:19
MERGED from [com.google.android.gms:play-services-measurement-sdk:20.0.0] AndroidManifest.xml:22:5-23:19
MERGED from [com.google.android.gms:play-services-measurement-sdk:20.0.0] AndroidManifest.xml:22:5-23:19
MERGED from [com.google.firebase:firebase-iid-interop:17.1.0] AndroidManifest.xml:7:5-8:19
MERGED from [com.google.firebase:firebase-iid-interop:17.1.0] AndroidManifest.xml:7:5-8:19
MERGED from [com.google.android.gms:play-services-tasks:17.0.0] AndroidManifest.xml:7:5-20
MERGED from [com.google.android.gms:play-services-tasks:17.0.0] AndroidManifest.xml:7:5-20
MERGED from [com.google.android.gms:play-services-measurement-impl:20.0.0] AndroidManifest.xml:28:5-29:19
MERGED from [com.google.android.gms:play-services-measurement-impl:20.0.0] AndroidManifest.xml:28:5-29:19
MERGED from [com.google.android.gms:play-services-stats:17.0.0] AndroidManifest.xml:7:5-20
MERGED from [com.google.android.gms:play-services-stats:17.0.0] AndroidManifest.xml:7:5-20
MERGED from [com.google.firebase:firebase-measurement-connector:19.0.0] AndroidManifest.xml:22:5-23:19
MERGED from [com.google.firebase:firebase-measurement-connector:19.0.0] AndroidManifest.xml:22:5-23:19
MERGED from [com.google.android.gms:play-services-ads-identifier:17.0.0] AndroidManifest.xml:22:5-20
MERGED from [com.google.android.gms:play-services-ads-identifier:17.0.0] AndroidManifest.xml:22:5-20
MERGED from [com.google.android.gms:play-services-measurement-base:20.0.0] AndroidManifest.xml:7:5-20
MERGED from [com.google.android.gms:play-services-measurement-base:20.0.0] AndroidManifest.xml:7:5-20
MERGED from [com.google.android.gms:play-services-basement:17.0.0] AndroidManifest.xml:22:5-26:19
MERGED from [com.google.android.gms:play-services-basement:17.0.0] AndroidManifest.xml:22:5-26:19
MERGED from [androidx.core:core:1.6.0] AndroidManifest.xml:24:5-89
MERGED from [androidx.core:core:1.6.0] AndroidManifest.xml:24:5-89
MERGED from [androidx.versionedparcelable:versionedparcelable:1.1.1] AndroidManifest.xml:24:5-25:19
MERGED from [androidx.versionedparcelable:versionedparcelable:1.1.1] AndroidManifest.xml:24:5-25:19
MERGED from [com.google.android.datatransport:transport-backend-cct:3.0.0] AndroidManifest.xml:28:5-36:19
MERGED from [com.google.android.datatransport:transport-backend-cct:3.0.0] AndroidManifest.xml:28:5-36:19
MERGED from [com.google.android.datatransport:transport-runtime:3.0.0] AndroidManifest.xml:25:5-39:19
MERGED from [com.google.android.datatransport:transport-runtime:3.0.0] AndroidManifest.xml:25:5-39:19
MERGED from [com.jakewharton.threetenabp:threetenabp:1.2.3] AndroidManifest.xml:7:5-20
MERGED from [com.jakewharton.threetenabp:threetenabp:1.2.3] AndroidManifest.xml:7:5-20
MERGED from [com.google.android.play:core:1.8.2] AndroidManifest.xml:10:3-17:17
MERGED from [com.google.android.play:core:1.8.2] AndroidManifest.xml:10:3-17:17
	android:requestLegacyExternalStorage
		ADDED from src\main\AndroidManifest.xml:28:9-52
	android:appComponentFactory
		ADDED from [androidx.core:core:1.6.0] AndroidManifest.xml:24:18-86
	android:label
		ADDED from src\main\AndroidManifest.xml:27:9-35
	android:icon
		ADDED from src\main\AndroidManifest.xml:26:9-43
	android:usesCleartextTraffic
		ADDED from src\main\AndroidManifest.xml:29:9-44
	android:name
		ADDED from src\main\AndroidManifest.xml:25:9-36
activity#app.famelinks.MainActivity
ADDED from src\main\AndroidManifest.xml:30:9-75:20
	android:launchMode
		ADDED from src\main\AndroidManifest.xml:34:13-43
	android:hardwareAccelerated
		ADDED from src\main\AndroidManifest.xml:33:13-47
	android:windowSoftInputMode
		ADDED from src\main\AndroidManifest.xml:36:13-55
	android:configChanges
		ADDED from src\main\AndroidManifest.xml:32:13-163
	android:theme
		ADDED from src\main\AndroidManifest.xml:35:13-47
	android:name
		ADDED from src\main\AndroidManifest.xml:31:13-41
intent-filter#action:name:android.intent.action.MAIN+category:name:android.intent.category.LAUNCHER
ADDED from src\main\AndroidManifest.xml:42:13-45:29
action#android.intent.action.MAIN
ADDED from src\main\AndroidManifest.xml:43:17-69
	android:name
		ADDED from src\main\AndroidManifest.xml:43:25-66
category#android.intent.category.LAUNCHER
ADDED from src\main\AndroidManifest.xml:44:17-77
	android:name
		ADDED from src\main\AndroidManifest.xml:44:27-74
intent-filter#action:name:android.intent.action.VIEW+category:name:android.intent.category.BROWSABLE+category:name:android.intent.category.DEFAULT+data:host:famelinks.in+data:pathPrefix:/+data:scheme:https
ADDED from src\main\AndroidManifest.xml:46:13-54:29
category#android.intent.category.DEFAULT
ADDED from src\main\AndroidManifest.xml:48:17-76
	android:name
		ADDED from src\main\AndroidManifest.xml:48:27-73
category#android.intent.category.BROWSABLE
ADDED from src\main\AndroidManifest.xml:49:17-78
	android:name
		ADDED from src\main\AndroidManifest.xml:49:27-75
intent-filter#action:name:android.intent.action.VIEW+category:name:android.intent.category.BROWSABLE+category:name:android.intent.category.DEFAULT+data:host:famelinks.in+data:pathPrefix:/ref/+data:scheme:https
ADDED from src\main\AndroidManifest.xml:55:13-63:29
meta-data#io.flutter.embedding.android.NormalTheme
ADDED from src\main\AndroidManifest.xml:64:13-66:57
	android:resource
		ADDED from src\main\AndroidManifest.xml:66:17-54
	android:name
		ADDED from src\main\AndroidManifest.xml:65:17-72
meta-data#io.flutter.embedding.android.SplashScreenDrawable
ADDED from src\main\AndroidManifest.xml:72:13-74:66
	android:resource
		ADDED from src\main\AndroidManifest.xml:74:17-63
	android:name
		ADDED from src\main\AndroidManifest.xml:73:17-81
activity#com.yalantis.ucrop.UCropActivity
ADDED from src\main\AndroidManifest.xml:76:9-79:72
	android:screenOrientation
		ADDED from src\main\AndroidManifest.xml:78:13-49
	android:theme
		ADDED from src\main\AndroidManifest.xml:79:13-69
	android:name
		ADDED from src\main\AndroidManifest.xml:77:13-60
meta-data#flutterEmbedding
ADDED from src\main\AndroidManifest.xml:82:9-84:33
	android:value
		ADDED from src\main\AndroidManifest.xml:84:13-30
	android:name
		ADDED from src\main\AndroidManifest.xml:83:13-44
meta-data#com.google.android.gms.version
ADDED from src\main\AndroidManifest.xml:85:9-87:69
MERGED from [com.google.android.gms:play-services-basement:17.0.0] AndroidManifest.xml:23:9-25:69
MERGED from [com.google.android.gms:play-services-basement:17.0.0] AndroidManifest.xml:23:9-25:69
	android:value
		ADDED from src\main\AndroidManifest.xml:87:13-66
	android:name
		ADDED from src\main\AndroidManifest.xml:86:13-58
meta-data#com.google.android.maps.v2.API_KEY
ADDED from src\main\AndroidManifest.xml:88:9-90:71
	android:value
		ADDED from src\main\AndroidManifest.xml:90:13-68
	android:name
		ADDED from src\main\AndroidManifest.xml:89:13-62
service#io.flutter.plugins.androidalarmmanager.AlarmService
ADDED from src\main\AndroidManifest.xml:91:9-94:39
	android:exported
		ADDED from src\main\AndroidManifest.xml:94:13-37
	android:permission
		ADDED from src\main\AndroidManifest.xml:93:13-69
	android:name
		ADDED from src\main\AndroidManifest.xml:92:13-79
receiver#io.flutter.plugins.androidalarmmanager.AlarmBroadcastReceiver
ADDED from src\main\AndroidManifest.xml:95:9-97:39
	android:exported
		ADDED from src\main\AndroidManifest.xml:97:13-37
	android:name
		ADDED from src\main\AndroidManifest.xml:96:13-89
receiver#io.flutter.plugins.androidalarmmanager.RebootBroadcastReceiver
ADDED from src\main\AndroidManifest.xml:98:9-104:20
	android:enabled
		ADDED from src\main\AndroidManifest.xml:100:13-36
	android:name
		ADDED from src\main\AndroidManifest.xml:99:13-90
intent-filter#action:name:android.intent.action.BOOT_COMPLETED
ADDED from src\main\AndroidManifest.xml:101:13-103:29
action#android.intent.action.BOOT_COMPLETED
ADDED from src\main\AndroidManifest.xml:102:17-78
	android:name
		ADDED from src\main\AndroidManifest.xml:102:25-76
uses-sdk
INJECTED from src\main\AndroidManifest.xml reason: use-sdk injection requested
INJECTED from src\main\AndroidManifest.xml
INJECTED from src\main\AndroidManifest.xml
MERGED from [:firebase_messaging] AndroidManifest.xml:5:5-44
MERGED from [:firebase_messaging] AndroidManifest.xml:5:5-44
MERGED from [:firebase_analytics] AndroidManifest.xml:5:5-44
MERGED from [:firebase_analytics] AndroidManifest.xml:5:5-44
MERGED from [:firebase_core] AndroidManifest.xml:5:5-44
MERGED from [:firebase_core] AndroidManifest.xml:5:5-44
MERGED from [:image_picker] AndroidManifest.xml:5:5-44
MERGED from [:image_picker] AndroidManifest.xml:5:5-44
MERGED from [:flutter_local_notifications] AndroidManifest.xml:5:5-44
MERGED from [:flutter_local_notifications] AndroidManifest.xml:5:5-44
MERGED from [:file_picker] AndroidManifest.xml:5:5-44
MERGED from [:file_picker] AndroidManifest.xml:5:5-44
MERGED from [:path_provider_android] AndroidManifest.xml:5:5-44
MERGED from [:path_provider_android] AndroidManifest.xml:5:5-44
MERGED from [:image_crop] AndroidManifest.xml:5:5-44
MERGED from [:image_crop] AndroidManifest.xml:5:5-44
MERGED from [:shared_preferences_android] AndroidManifest.xml:5:5-44
MERGED from [:shared_preferences_android] AndroidManifest.xml:5:5-44
MERGED from [:audioplayers] AndroidManifest.xml:7:5-44
MERGED from [:audioplayers] AndroidManifest.xml:7:5-44
MERGED from [:connectivity] AndroidManifest.xml:5:5-44
MERGED from [:connectivity] AndroidManifest.xml:5:5-44
MERGED from [:video_player] AndroidManifest.xml:5:5-44
MERGED from [:video_player] AndroidManifest.xml:5:5-44
MERGED from [:share_plus] AndroidManifest.xml:5:5-44
MERGED from [:share_plus] AndroidManifest.xml:5:5-44
MERGED from [:flutter_keyboard_visibility] AndroidManifest.xml:5:5-44
MERGED from [:flutter_keyboard_visibility] AndroidManifest.xml:5:5-44
MERGED from [:fluttertoast] AndroidManifest.xml:5:5-44
MERGED from [:fluttertoast] AndroidManifest.xml:5:5-44
MERGED from [:country_codes] AndroidManifest.xml:5:5-44
MERGED from [:country_codes] AndroidManifest.xml:5:5-44
MERGED from [:flutter_ffmpeg] AndroidManifest.xml:5:5-44
MERGED from [:flutter_ffmpeg] AndroidManifest.xml:5:5-44
MERGED from [:uni_links] AndroidManifest.xml:5:5-44
MERGED from [:uni_links] AndroidManifest.xml:5:5-44
MERGED from [:camera] AndroidManifest.xml:5:5-7:41
MERGED from [:camera] AndroidManifest.xml:5:5-7:41
MERGED from [:libphonenumber_plugin] AndroidManifest.xml:5:5-44
MERGED from [:libphonenumber_plugin] AndroidManifest.xml:5:5-44
MERGED from [:libphonenumber] AndroidManifest.xml:5:5-44
MERGED from [:libphonenumber] AndroidManifest.xml:5:5-44
MERGED from [:android_alarm_manager] AndroidManifest.xml:5:5-44
MERGED from [:android_alarm_manager] AndroidManifest.xml:5:5-44
MERGED from [:flutter_plugin_android_lifecycle] AndroidManifest.xml:5:5-44
MERGED from [:flutter_plugin_android_lifecycle] AndroidManifest.xml:5:5-44
MERGED from [:sqflite] AndroidManifest.xml:5:5-44
MERGED from [:sqflite] AndroidManifest.xml:5:5-44
MERGED from [:url_launcher_android] AndroidManifest.xml:5:5-44
MERGED from [:url_launcher_android] AndroidManifest.xml:5:5-44
MERGED from [:in_app_update] AndroidManifest.xml:5:5-44
MERGED from [:in_app_update] AndroidManifest.xml:5:5-44
MERGED from [:image_cropper] AndroidManifest.xml:5:5-44
MERGED from [:image_cropper] AndroidManifest.xml:5:5-44
MERGED from [:webview_flutter_android] AndroidManifest.xml:5:5-44
MERGED from [:webview_flutter_android] AndroidManifest.xml:5:5-44